<?xml version="1.0" encoding="UTF-8"?>
<testsuite xmlns:xsi="http://www.w3.org/2001/XMLSchema-instance" xsi:noNamespaceSchemaLocation="https://maven.apache.org/surefire/maven-surefire-plugin/xsd/surefire-test-report-3.0.xsd" version="3.0" name="PDFTests" time="85.856" tests="1" errors="0" skipped="0" failures="0">
  <properties>
[...]
</properties>
  <testcase name="testInvoices" classname="PDFTests" time="63.233">
    <system-out><![CDATA[Cuenta creada con email: user_12419869@gmail.com
PDF descargado exitosamente en: /home/carlos/Downloads/INV12345.pdf
ImageTester version 3.7.1 
[1/1] 
eyes | 2025-11-01 23:38:52.445 | [info] | Logs saved in: /tmp/applitools-logs
[Passed], New test [ steps: 1, test name: INV12345.pdf, matches: 0, mismatches:0, missing: 0] , URL: https://eyes.applitools.com/app/batches/00000251640242465535/00000251640242465386?accountId=5KmahrzRvk6x4sjzqHkB0w__ 

]]></system-out>
    <system-err><![CDATA[[main] INFO io.github.bonigarcia.wdm.WebDriverManager - Using chromedriver 141.0.7390.122 (resolved driver for Chrome 141)
[main] INFO io.github.bonigarcia.wdm.WebDriverManager - Exporting webdriver.chrome.driver as /home/carlos/.cache/selenium/chromedriver/linux64/141.0.7390.122/chromedriver
Nov 01, 2025 11:37:38 PM org.openqa.selenium.devtools.CdpVersionFinder findNearestMatch
WARNING: Unable to find CDP implementation matching 141
Nov 01, 2025 11:37:38 PM org.openqa.selenium.chromium.ChromiumDriver lambda$new$4
WARNING: Unable to find version of CDP to use for 141.0.7390.122. You may need to include a dependency on a specific version of the CDP using something similar to `org.seleniumhq.selenium:selenium-devtools-v86:4.38.0` where the version ("v86") matches the version of the chromium-based browser you're using and the version number of the artifact is the same as Selenium's.
]]></system-err>
  </testcase>
</testsuite>